[myrathemes.com/lunoz/layouts/horizontal/index.html]
[backblue.gif]
[fade.gif]
[index.html]
[myrathemes.com/lunoz/layouts/horizontal/assets/images/favicon.ico]
[myrathemes.com/lunoz/layouts/horizontal/assets/css/bootstrap.min.css]
[myrathemes.com/lunoz/layouts/horizontal/assets/css/theme.min.css]
[myrathemes.com/lunoz/layouts/horizontal/assets/images/logo-light.png]
[myrathemes.com/lunoz/layouts/horizontal/assets/images/flags/us.jpg]
[myrathemes.com/lunoz/layouts/horizontal/assets/css/icons.min.css]
[myrathemes.com/lunoz/layouts/horizontal/assets/images/flags/spain.jpg]
[myrathemes.com/lunoz/layouts/horizontal/assets/images/flags/germany.jpg]
[myrathemes.com/lunoz/layouts/horizontal/assets/images/flags/italy.jpg]
[myrathemes.com/lunoz/layouts/horizontal/assets/images/flags/russia.jpg]
[myrathemes.com/lunoz/layouts/horizontal/assets/images/users/avatar-2.jpg]
[myrathemes.com/lunoz/layouts/horizontal/assets/images/users/avatar-3.jpg]
[myrathemes.com/lunoz/layouts/horizontal/ui-buttons.html]
[myrathemes.com/lunoz/layouts/horizontal/ui-cards.html]
[myrathemes.com/lunoz/layouts/horizontal/ui-carousel.html]
[myrathemes.com/lunoz/layouts/horizontal/ui-embeds.html]
[myrathemes.com/lunoz/layouts/horizontal/ui-general.html]
[myrathemes.com/lunoz/layouts/horizontal/ui-grid.html]
[myrathemes.com/lunoz/layouts/horizontal/ui-media-objects.html]
[myrathemes.com/lunoz/layouts/horizontal/ui-progressbars.html]
[myrathemes.com/lunoz/layouts/horizontal/ui-modals.html]
[myrathemes.com/lunoz/layouts/horizontal/ui-tabs.html]
[myrathemes.com/lunoz/layouts/horizontal/ui-typography.html]
[myrathemes.com/lunoz/layouts/horizontal/ui-toasts.html]
[myrathemes.com/lunoz/layouts/horizontal/ui-tooltips-popovers.html]
[myrathemes.com/lunoz/layouts/horizontal/ui-scrollspy.html]
[myrathemes.com/lunoz/layouts/horizontal/ui-spinners.html]
[myrathemes.com/lunoz/layouts/horizontal/ui-sweetalerts.html]
[myrathemes.com/lunoz/layouts/horizontal/auth-login.html]
[myrathemes.com/lunoz/layouts/horizontal/auth-register.html]
[myrathemes.com/lunoz/layouts/horizontal/auth-recoverpw.html]
[myrathemes.com/lunoz/layouts/horizontal/auth-lock-screen.html]
[myrathemes.com/lunoz/layouts/horizontal/auth-404.html]
[myrathemes.com/lunoz/layouts/horizontal/auth-500.html]
[myrathemes.com/lunoz/layouts/horizontal/pages-invoice.html]
[myrathemes.com/lunoz/layouts/horizontal/pages-starter.html]
[myrathemes.com/lunoz/layouts/horizontal/pages-maintenance.html]
[myrathemes.com/lunoz/layouts/horizontal/pages-faqs.html]
[myrathemes.com/lunoz/layouts/horizontal/pages-pricing.html]
[myrathemes.com/lunoz/layouts/horizontal/forms-elements.html]
[myrathemes.com/lunoz/layouts/horizontal/forms-plugins.html]
[myrathemes.com/lunoz/layouts/horizontal/forms-validation.html]
[myrathemes.com/lunoz/layouts/horizontal/forms-mask.html]
[myrathemes.com/lunoz/layouts/horizontal/forms-quilljs.html]
[myrathemes.com/lunoz/layouts/horizontal/forms-uploads.html]
[myrathemes.com/lunoz/layouts/horizontal/charts-morris.html]
[myrathemes.com/lunoz/layouts/horizontal/charts-google.html]
[myrathemes.com/lunoz/layouts/horizontal/charts-chartjs.html]
[myrathemes.com/lunoz/layouts/horizontal/charts-sparkline.html]
[myrathemes.com/lunoz/layouts/horizontal/charts-knob.html]
[myrathemes.com/lunoz/layouts/horizontal/calendar.html]
[myrathemes.com/lunoz/layouts/horizontal/tables-basic.html]
[myrathemes.com/lunoz/layouts/horizontal/tables-datatables.html]
[myrathemes.com/lunoz/layouts/horizontal/icons-boxicons.html]
[myrathemes.com/lunoz/layouts/horizontal/icons-materialdesign.html]
[myrathemes.com/lunoz/layouts/horizontal/icons-fontawesome.html]
[myrathemes.com/lunoz/layouts/horizontal/maps-google.html]
[myrathemes.com/lunoz/layouts/horizontal/maps-vector.html]
[myrathemes.com/lunoz/layouts/horizontal/assets/js/waves.js]
[myrathemes.com/lunoz/layouts/plugins/morris-js/morris.min.js]
[myrathemes.com/lunoz/layouts/horizontal/assets/js/simplebar.min.js]
[myrathemes.com/lunoz/layouts/horizontal/assets/js/jquery.min.js]
[myrathemes.com/lunoz/layouts/horizontal/assets/js/bootstrap.bundle.min.js]
[myrathemes.com/lunoz/layouts/horizontal/assets/pages/dashboard-demo.js]
[myrathemes.com/lunoz/layouts/horizontal/assets/js/theme.js]
[myrathemes.com/lunoz/layouts/horizontal/index.html]
[myrathemes.com/lunoz/layouts/horizontal/assets/css/bootstrap.min.css]
[myrathemes.com/lunoz/layouts/horizontal/assets/fonts/fa-brands-400.eot]
[myrathemes.com/lunoz/layouts/horizontal/assets/fonts/fa-brands-400d41d.eot]
[myrathemes.com/lunoz/layouts/horizontal/assets/fonts/fa-brands-400.woff]
[myrathemes.com/lunoz/layouts/plugins/raphael/raphael.min.js]
[myrathemes.com/lunoz/layouts/horizontal/assets/fonts/fa-regular-400.eot]
[myrathemes.com/lunoz/layouts/horizontal/assets/fonts/fa-regular-400d41d.eot]
[myrathemes.com/lunoz/layouts/horizontal/assets/fonts/fa-regular-400.woff]
[myrathemes.com/lunoz/layouts/horizontal/assets/fonts/fa-solid-900.eot]
[myrathemes.com/lunoz/layouts/horizontal/assets/fonts/fa-solid-900d41d.eot]
[myrathemes.com/lunoz/layouts/horizontal/assets/fonts/fa-solid-900.woff]
[myrathemes.com/lunoz/layouts/horizontal/assets/fonts/materialdesignicons-webfont7e1c.eot]
[myrathemes.com/lunoz/layouts/horizontal/assets/fonts/materialdesignicons-webfontd41d.eot]
[myrathemes.com/lunoz/layouts/horizontal/assets/fonts/materialdesignicons-webfont7e1c.woff]
[myrathemes.com/lunoz/layouts/horizontal/assets/fonts/boxicons.eot]
[myrathemes.com/lunoz/layouts/horizontal/assets/fonts/boxicons.woff]
[myrathemes.com/lunoz/layouts/horizontal/assets/css/icons.min.css]
[myrathemes.com/lunoz/layouts/horizontal/assets/images/bg-login.jpg]
[myrathemes.com/lunoz/layouts/horizontal/assets/images/bg-register.jpg]
[myrathemes.com/lunoz/layouts/horizontal/assets/css/theme.min.css]
[myrathemes.com/lunoz/layouts/horizontal/ui-buttons.html]
[myrathemes.com/lunoz/layouts/horizontal/assets/images/media/sm-5.jpg]
[myrathemes.com/lunoz/layouts/horizontal/assets/images/media/sm-6.jpg]
[myrathemes.com/lunoz/layouts/horizontal/assets/images/media/sm-7.jpg]
[myrathemes.com/lunoz/layouts/horizontal/assets/images/media/sm-1.jpg]
[myrathemes.com/lunoz/layouts/horizontal/assets/images/media/sm-2.jpg]
[myrathemes.com/lunoz/layouts/horizontal/assets/images/media/sm-3.jpg]
[myrathemes.com/lunoz/layouts/horizontal/assets/images/media/sm-4.jpg]
[myrathemes.com/lunoz/layouts/horizontal/ui-cards.html]
[myrathemes.com/lunoz/layouts/horizontal/ui-carousel.html]
[myrathemes.com/lunoz/layouts/horizontal/ui-embeds.html]
[myrathemes.com/lunoz/layouts/horizontal/ui-general.html]
[myrathemes.com/lunoz/layouts/horizontal/ui-grid.html]
[myrathemes.com/lunoz/layouts/horizontal/assets/images/users/avatar-8.jpg]
[myrathemes.com/lunoz/layouts/horizontal/assets/images/users/avatar-7.jpg]
[myrathemes.com/lunoz/layouts/horizontal/assets/images/users/avatar-4.jpg]
[myrathemes.com/lunoz/layouts/horizontal/assets/images/users/avatar-5.jpg]
[myrathemes.com/lunoz/layouts/horizontal/assets/images/users/avatar-6.jpg]
[myrathemes.com/lunoz/layouts/horizontal/assets/images/users/avatar-1.jpg]
[myrathemes.com/lunoz/layouts/horizontal/ui-media-objects.html]
[myrathemes.com/lunoz/layouts/horizontal/ui-modals.html]
[myrathemes.com/lunoz/layouts/horizontal/ui-progressbars.html]
[myrathemes.com/lunoz/layouts/horizontal/ui-tabs.html]
[myrathemes.com/lunoz/layouts/horizontal/ui-typography.html]
[myrathemes.com/lunoz/layouts/horizontal/ui-toasts.html]
[myrathemes.com/lunoz/layouts/horizontal/ui-tooltips-popovers.html]
[myrathemes.com/lunoz/layouts/horizontal/ui-scrollspy.html]
[myrathemes.com/lunoz/layouts/horizontal/ui-spinners.html]
[myrathemes.com/lunoz/layouts/plugins/sweetalert2/sweetalert2.min.css]
[myrathemes.com/lunoz/layouts/horizontal/ui-sweetalerts.html]
[myrathemes.com/lunoz/layouts/horizontal/assets/pages/sweet-alert-demo.js]
[myrathemes.com/lunoz/layouts/horizontal/assets/images/logo-dark.png]
[myrathemes.com/lunoz/layouts/plugins/sweetalert2/sweetalert2.min.js]
[myrathemes.com/lunoz/layouts/horizontal/auth-login.html]
[myrathemes.com/lunoz/layouts/horizontal/auth-register.html]
[myrathemes.com/lunoz/layouts/horizontal/auth-recoverpw.html]
[myrathemes.com/lunoz/layouts/horizontal/auth-lock-screen.html]
[myrathemes.com/lunoz/layouts/horizontal/assets/js/metismenu.min.js]
[myrathemes.com/lunoz/layouts/horizontal/auth-404.html]
[myrathemes.com/lunoz/layouts/horizontal/auth-500.html]
[myrathemes.com/lunoz/layouts/horizontal/pages-invoice.html]
[myrathemes.com/lunoz/layouts/horizontal/pages-starter.html]
[myrathemes.com/lunoz/layouts/horizontal/pages-maintenance.html]
[myrathemes.com/lunoz/layouts/horizontal/pages-faqs.html]
[myrathemes.com/lunoz/layouts/horizontal/pages-pricing.html]
[myrathemes.com/lunoz/layouts/horizontal/forms-elements.html]
[myrathemes.com/lunoz/layouts/plugins/bootstrap-touchspin/jquery.bootstrap-touchspin.css]
[myrathemes.com/lunoz/layouts/plugins/daterangepicker/daterangepicker.css]
[myrathemes.com/lunoz/layouts/plugins/select2/select2.min.css]
[myrathemes.com/lunoz/layouts/plugins/switchery/switchery.min.css]
[myrathemes.com/lunoz/layouts/plugins/bootstrap-colorpicker/bootstrap-colorpicker.min.css]
[myrathemes.com/lunoz/layouts/plugins/bootstrap-datepicker/bootstrap-datepicker.min.css]
[myrathemes.com/lunoz/layouts/plugins/bootstrap-datepicker/bootstrap-datepicker.min.js]
[myrathemes.com/lunoz/layouts/plugins/autonumeric/autoNumeric-min.js]
[myrathemes.com/lunoz/layouts/plugins/bootstrap-maxlength/bootstrap-maxlength.min.js]
[myrathemes.com/lunoz/layouts/plugins/daterangepicker/daterangepicker.js]
[myrathemes.com/lunoz/layouts/plugins/moment/moment.js]
[myrathemes.com/lunoz/layouts/plugins/select2/select2.min.js]
[myrathemes.com/lunoz/layouts/plugins/switchery/switchery.min.js]
[myrathemes.com/lunoz/layouts/plugins/bootstrap-colorpicker/bootstrap-colorpicker.min.js]
[myrathemes.com/lunoz/layouts/plugins/bootstrap-touchspin/jquery.bootstrap-touchspin.min.js]
[myrathemes.com/lunoz/layouts/horizontal/assets/pages/advanced-plugins-demo.js]
[myrathemes.com/lunoz/layouts/horizontal/forms-plugins.html]
[myrathemes.com/lunoz/layouts/horizontal/assets/pages/validation-demo.js]
[myrathemes.com/lunoz/layouts/horizontal/forms-validation.html]
[myrathemes.com/lunoz/layouts/plugins/jquery-mask/jquery.mask.min.js]
[myrathemes.com/lunoz/layouts/horizontal/assets/pages/mask-demo.js]
[myrathemes.com/lunoz/layouts/horizontal/forms-mask.html]
[myrathemes.com/lunoz/layouts/plugins/quill/quill.core.css]
[myrathemes.com/lunoz/layouts/plugins/quill/quill.snow.css]
[myrathemes.com/lunoz/layouts/plugins/quill/quill.bubble.css]
[myrathemes.com/lunoz/layouts/horizontal/assets/pages/quilljs-demo.js]
[myrathemes.com/lunoz/layouts/horizontal/forms-quilljs.html]
[myrathemes.com/lunoz/layouts/plugins/dropify/dropify.min.css]
[myrathemes.com/lunoz/layouts/horizontal/assets/pages/fileuploads-demo.js]
[myrathemes.com/lunoz/layouts/plugins/dropify/dropify.min.js]
[myrathemes.com/lunoz/layouts/horizontal/forms-uploads.html]
[myrathemes.com/lunoz/layouts/horizontal/assets/pages/morris-chart-demo.js]
[myrathemes.com/lunoz/layouts/horizontal/charts-morris.html]
[www.gstatic.com/charts/loader.js]
[myrathemes.com/lunoz/layouts/horizontal/charts-google.html]
[myrathemes.com/lunoz/layouts/horizontal/assets/pages/google-chart-demo.js]
[myrathemes.com/lunoz/layouts/plugins/quill/quill.min.js]
[myrathemes.com/lunoz/layouts/horizontal/charts-chartjs.html]
[myrathemes.com/lunoz/layouts/horizontal/assets/pages/chartjs-demo.js]
[myrathemes.com/lunoz/layouts/plugins/jquery-sparkline/jquery.sparkline.min.js]
[myrathemes.com/lunoz/layouts/horizontal/assets/pages/sparklines-chart-demo.js]
[myrathemes.com/lunoz/layouts/horizontal/charts-sparkline.html]
[myrathemes.com/lunoz/layouts/plugins/jquery-knob/jquery.knob.min.js]
[myrathemes.com/lunoz/layouts/plugins/katex/katex.min.js]
[myrathemes.com/lunoz/layouts/plugins/chart-js/chart.min.js]
[myrathemes.com/lunoz/layouts/horizontal/assets/pages/knob-chart-demo.js]
[myrathemes.com/lunoz/layouts/horizontal/charts-knob.html]
[myrathemes.com/lunoz/layouts/plugins/fullcalendar/css/fullcalendar.min.css]
[myrathemes.com/lunoz/layouts/plugins/jquery-ui/jquery-ui.min.js]
[myrathemes.com/lunoz/layouts/horizontal/assets/pages/calendar-demo.js]
[myrathemes.com/lunoz/layouts/horizontal/calendar.html]
[myrathemes.com/lunoz/layouts/horizontal/tables-basic.html]
[myrathemes.com/lunoz/layouts/plugins/datatables/dataTables.bootstrap4.css]
[myrathemes.com/lunoz/layouts/plugins/datatables/responsive.bootstrap4.css]
[myrathemes.com/lunoz/layouts/plugins/datatables/buttons.bootstrap4.css]
[myrathemes.com/lunoz/layouts/plugins/fullcalendar/js/fullcalendar.min.js]
[myrathemes.com/lunoz/layouts/plugins/datatables/select.bootstrap4.css]
[myrathemes.com/lunoz/layouts/plugins/datatables/jquery.dataTables.min.js]
[myrathemes.com/lunoz/layouts/plugins/datatables/dataTables.bootstrap4.js]
[myrathemes.com/lunoz/layouts/plugins/datatables/dataTables.responsive.min.js]
[myrathemes.com/lunoz/layouts/plugins/datatables/responsive.bootstrap4.min.js]
[myrathemes.com/lunoz/layouts/plugins/datatables/dataTables.buttons.min.js]
[myrathemes.com/lunoz/layouts/plugins/datatables/buttons.bootstrap4.min.js]
[myrathemes.com/lunoz/layouts/plugins/datatables/buttons.html5.min.js]
[myrathemes.com/lunoz/layouts/plugins/datatables/buttons.flash.min.js]
[myrathemes.com/lunoz/layouts/plugins/datatables/buttons.print.min.js]
[myrathemes.com/lunoz/layouts/plugins/datatables/dataTables.keyTable.min.js]
[myrathemes.com/lunoz/layouts/plugins/datatables/dataTables.select.min.js]
[myrathemes.com/lunoz/layouts/horizontal/assets/pages/datatables-demo.js]
[myrathemes.com/lunoz/layouts/horizontal/tables-datatables.html]
[myrathemes.com/lunoz/layouts/horizontal/icons-boxicons.html]
[myrathemes.com/lunoz/layouts/horizontal/icons-materialdesign.html]
[myrathemes.com/lunoz/layouts/horizontal/assets/pages/materialdesign.init.js]
[myrathemes.com/lunoz/layouts/horizontal/icons-fontawesome.html]
[myrathemes.com/lunoz/layouts/horizontal/maps-google.html]
[myrathemes.com/lunoz/layouts/plugins/jvectormap/jquery-jvectormap-2.0.2.css]
[myrathemes.com/lunoz/layouts/plugins/jvectormap/jquery-jvectormap-2.0.2.min.js]
[myrathemes.com/lunoz/layouts/horizontal/assets/pages/fontawesome.init.js]
[myrathemes.com/lunoz/layouts/plugins/jvectormap/gdp-data.js]
[myrathemes.com/lunoz/layouts/plugins/jvectormap/jquery-jvectormap-world-mill-en.js]
[myrathemes.com/lunoz/layouts/plugins/jvectormap/jquery-jvectormap-us-aea-en.js]
[myrathemes.com/lunoz/layouts/plugins/jvectormap/jquery-jvectormap-uk-mill-en.js]
[myrathemes.com/lunoz/layouts/horizontal/assets/pages/vectormap-demo.js]
[myrathemes.com/lunoz/layouts/horizontal/maps-vector.html]
[myrathemes.com/lunoz/layouts/horizontal/assets/fonts/fa-brands-400.html]
[myrathemes.com/lunoz/layouts/horizontal/assets/fonts/fa-brands-401.html]
[myrathemes.com/lunoz/layouts/plugins/jvectormap/jquery-jvectormap-us-il-chicago-mill-en.js]
[myrathemes.com/lunoz/layouts/horizontal/assets/fonts/fa-brands-400.svg]
[myrathemes.com/lunoz/layouts/horizontal/assets/fonts/fa-regular-400.html]
[myrathemes.com/lunoz/layouts/horizontal/assets/fonts/fa-regular-401.html]
[myrathemes.com/lunoz/layouts/horizontal/assets/fonts/fa-regular-400.svg]
[myrathemes.com/lunoz/layouts/horizontal/assets/fonts/fa-solid-900.html]
[myrathemes.com/lunoz/layouts/horizontal/assets/fonts/fa-solid-901.html]
[myrathemes.com/lunoz/layouts/horizontal/assets/fonts/materialdesignicons-webfont7e1c.html]
[myrathemes.com/lunoz/layouts/horizontal/assets/fonts/materialdesignicons-webfont7e1c-2.html]
[myrathemes.com/lunoz/layouts/horizontal/assets/fonts/boxicons.html]
[myrathemes.com/lunoz/layouts/horizontal/assets/fonts/boxicons-2.html]
[myrathemes.com/lunoz/layouts/plugins/sweetalert2/sweetalert2.min.css]
[myrathemes.com/lunoz/layouts/horizontal/pages-recoverpw.html]
[myrathemes.com/lunoz/layouts/horizontal/assets/images/404-error.svg]
[myrathemes.com/lunoz/layouts/horizontal/assets/images/500-error.svg]
[myrathemes.com/lunoz/layouts/horizontal/assets/images/maintenance.svg]
[myrathemes.com/lunoz/layouts/plugins/bootstrap-touchspin/jquery.bootstrap-touchspin.css]
[myrathemes.com/lunoz/layouts/plugins/daterangepicker/daterangepicker.css]
[myrathemes.com/lunoz/layouts/plugins/select2/select2.min.css]
[myrathemes.com/lunoz/layouts/plugins/switchery/switchery.min.css]
[myrathemes.com/lunoz/layouts/plugins/bootstrap-colorpicker/bootstrap-colorpicker.min.css]
[myrathemes.com/lunoz/layouts/plugins/bootstrap-datepicker/bootstrap-datepicker.min.css]
[myrathemes.com/lunoz/layouts/plugins/quill/quill.core.css]
[myrathemes.com/lunoz/layouts/plugins/quill/quill.bubble.css]
[myrathemes.com/lunoz/layouts/plugins/quill/quill.snow.css]
[myrathemes.com/lunoz/layouts/plugins/dropify/fonts/dropify.eot]
[myrathemes.com/lunoz/layouts/plugins/dropify/fonts/dropify.woff]
[myrathemes.com/lunoz/layouts/plugins/dropify/dropify.min.css]
[myrathemes.com/lunoz/layouts/plugins/fullcalendar/css/fullcalendar.min.css]
[myrathemes.com/lunoz/layouts/plugins/datatables/dataTables.bootstrap4.css]
[myrathemes.com/lunoz/layouts/plugins/datatables/responsive.bootstrap4.css]
[myrathemes.com/lunoz/layouts/plugins/datatables/buttons.bootstrap4.css]
[myrathemes.com/lunoz/layouts/plugins/datatables/select.bootstrap4.css]
[myrathemes.com/lunoz/layouts/plugins/datatables/pdfmake.min.js]
[myrathemes.com/lunoz/layouts/plugins/jvectormap/jquery-jvectormap-2.0.2.css]
[myrathemes.com/lunoz/layouts/horizontal/assets/fonts/fa-solid-900.svg]
[myrathemes.com/lunoz/layouts/horizontal/assets/fonts/boxiconsd41d.svg]
[myrathemes.com/lunoz/layouts/plugins/dropify/fonts/dropify.html]
[myrathemes.com/lunoz/layouts/plugins/dropify/fonts/dropify.svg]
[myrathemes.com/lunoz/layouts/plugins/datatables/vfs_fonts.js]
